The system is: Linux - 4.10.0-40-generic - x86_64
Compiling the C compiler identification source file "CMakeCCompilerId.c" succeeded.
Compiler: /usr/bin/gcc 
Build flags: 
Id flags: 

The output was:
0


Compilation of the C compiler identification source "CMakeCCompilerId.c" produced "a.out"

The C compiler identification is GNU, found in "/home/strelok/wabt/out/gcc/Release/CMakeFiles/3.7.2/CompilerIdC/a.out"

Compiling the CXX compiler identification source file "CMakeCXXCompilerId.cpp" succeeded.
Compiler: /usr/bin/g++ 
Build flags: 
Id flags: 

The output was:
0


Compilation of the CXX compiler identification source "CMakeCXXCompilerId.cpp" produced "a.out"

The CXX compiler identification is GNU, found in "/home/strelok/wabt/out/gcc/Release/CMakeFiles/3.7.2/CompilerIdCXX/a.out"

Determining if the C compiler works passed with the following output:
Change Dir: /home/strelok/wabt/out/gcc/Release/CMakeFiles/CMakeTmp

Run Build Command:"/usr/bin/make" "cmTC_a3935/fast"
make[1]: вход в каталог «/home/strelok/wabt/out/gcc/Release/CMakeFiles/CMakeTmp»
/usr/bin/make -f CMakeFiles/cmTC_a3935.dir/build.make CMakeFiles/cmTC_a3935.dir/build
make[2]: вход в каталог «/home/strelok/wabt/out/gcc/Release/CMakeFiles/CMakeTmp»
Building C object CMakeFiles/cmTC_a3935.dir/testCCompiler.c.o
/usr/bin/gcc     -o CMakeFiles/cmTC_a3935.dir/testCCompiler.c.o   -c /home/strelok/wabt/out/gcc/Release/CMakeFiles/CMakeTmp/testCCompiler.c
Linking C executable cmTC_a3935
/usr/bin/cmake -E cmake_link_script CMakeFiles/cmTC_a3935.dir/link.txt --verbose=1
/usr/bin/gcc       CMakeFiles/cmTC_a3935.dir/testCCompiler.c.o  -o cmTC_a3935 -rdynamic 
make[2]: выход из каталога «/home/strelok/wabt/out/gcc/Release/CMakeFiles/CMakeTmp»
make[1]: выход из каталога «/home/strelok/wabt/out/gcc/Release/CMakeFiles/CMakeTmp»


Detecting C compiler ABI info compiled with the following output:
Change Dir: /home/strelok/wabt/out/gcc/Release/CMakeFiles/CMakeTmp

Run Build Command:"/usr/bin/make" "cmTC_ac6ba/fast"
make[1]: вход в каталог «/home/strelok/wabt/out/gcc/Release/CMakeFiles/CMakeTmp»
/usr/bin/make -f CMakeFiles/cmTC_ac6ba.dir/build.make CMakeFiles/cmTC_ac6ba.dir/build
make[2]: вход в каталог «/home/strelok/wabt/out/gcc/Release/CMakeFiles/CMakeTmp»
Building C object CMakeFiles/cmTC_ac6ba.dir/CMakeCCompilerABI.c.o
/usr/bin/gcc     -o CMakeFiles/cmTC_ac6ba.dir/CMakeCCompilerABI.c.o   -c /usr/share/cmake-3.7/Modules/CMakeCCompilerABI.c
Linking C executable cmTC_ac6ba
/usr/bin/cmake -E cmake_link_script CMakeFiles/cmTC_ac6ba.dir/link.txt --verbose=1
/usr/bin/gcc      -v CMakeFiles/cmTC_ac6ba.dir/CMakeCCompilerABI.c.o  -o cmTC_ac6ba -rdynamic  
Using built-in specs.
COLLECT_GCC=/usr/bin/gcc
COLLECT_LTO_WRAPPER=/usr/lib/gcc/x86_64-linux-gnu/6/lto-wrapper
Target: x86_64-linux-gnu
Configured with: ../src/configure -v --with-pkgversion='Ubuntu 6.3.0-12ubuntu2' --with-bugurl=file:///usr/share/doc/gcc-6/README.Bugs --enable-languages=c,ada,c++,java,go,d,fortran,objc,obj-c++ --prefix=/usr --program-suffix=-6 --program-prefix=x86_64-linux-gnu- --enable-shared --enable-linker-build-id --libexecdir=/usr/lib --without-included-gettext --enable-threads=posix --libdir=/usr/lib --enable-nls --with-sysroot=/ --enable-clocale=gnu --enable-libstdcxx-debug --enable-libstdcxx-time=yes --with-default-libstdcxx-abi=new --enable-gnu-unique-object --disable-vtable-verify --enable-libmpx --enable-plugin --enable-default-pie --with-system-zlib --disable-browser-plugin --enable-java-awt=gtk --enable-gtk-cairo --with-java-home=/usr/lib/jvm/java-1.5.0-gcj-6-amd64/jre --enable-java-home --with-jvm-root-dir=/usr/lib/jvm/java-1.5.0-gcj-6-amd64 --with-jvm-jar-dir=/usr/lib/jvm-exports/java-1.5.0-gcj-6-amd64 --with-arch-directory=amd64 --with-ecj-jar=/usr/share/java/eclipse-ecj.jar --with-target-system-zlib --enable-objc-gc=auto --enable-multiarch --disable-werror --with-arch-32=i686 --with-abi=m64 --with-multilib-list=m32,m64,mx32 --enable-multilib --with-tune=generic --enable-checking=release --build=x86_64-linux-gnu --host=x86_64-linux-gnu --target=x86_64-linux-gnu
Thread model: posix
gcc version 6.3.0 20170406 (Ubuntu 6.3.0-12ubuntu2) 
COMPILER_PATH=/usr/lib/gcc/x86_64-linux-gnu/6/:/usr/lib/gcc/x86_64-linux-gnu/6/:/usr/lib/gcc/x86_64-linux-gnu/:/usr/lib/gcc/x86_64-linux-gnu/6/:/usr/lib/gcc/x86_64-linux-gnu/
LIBRARY_PATH=/usr/lib/gcc/x86_64-linux-gnu/6/:/usr/lib/gcc/x86_64-linux-gnu/6/../../../x86_64-linux-gnu/:/usr/lib/gcc/x86_64-linux-gnu/6/../../../../lib/:/lib/x86_64-linux-gnu/:/lib/../lib/:/usr/lib/x86_64-linux-gnu/:/usr/lib/../lib/:/usr/lib/gcc/x86_64-linux-gnu/6/../../../:/lib/:/usr/lib/
COLLECT_GCC_OPTIONS='-v' '-o' 'cmTC_ac6ba' '-rdynamic' '-mtune=generic' '-march=x86-64'
 /usr/lib/gcc/x86_64-linux-gnu/6/collect2 -plugin /usr/lib/gcc/x86_64-linux-gnu/6/liblto_plugin.so -plugin-opt=/usr/lib/gcc/x86_64-linux-gnu/6/lto-wrapper -plugin-opt=-fresolution=/tmp/ccDYEdpw.res -plugin-opt=-pass-through=-lgcc -plugin-opt=-pass-through=-lgcc_s -plugin-opt=-pass-through=-lc -plugin-opt=-pass-through=-lgcc -plugin-opt=-pass-through=-lgcc_s --sysroot=/ --build-id --eh-frame-hdr -m elf_x86_64 --hash-style=gnu --as-needed -export-dynamic -dynamic-linker /lib64/ld-linux-x86-64.so.2 -pie -z now -z relro -o cmTC_ac6ba /usr/lib/gcc/x86_64-linux-gnu/6/../../../x86_64-linux-gnu/Scrt1.o /usr/lib/gcc/x86_64-linux-gnu/6/../../../x86_64-linux-gnu/crti.o /usr/lib/gcc/x86_64-linux-gnu/6/crtbeginS.o -L/usr/lib/gcc/x86_64-linux-gnu/6 -L/usr/lib/gcc/x86_64-linux-gnu/6/../../../x86_64-linux-gnu -L/usr/lib/gcc/x86_64-linux-gnu/6/../../../../lib -L/lib/x86_64-linux-gnu -L/lib/../lib -L/usr/lib/x86_64-linux-gnu -L/usr/lib/../lib -L/usr/lib/gcc/x86_64-linux-gnu/6/../../.. CMakeFiles/cmTC_ac6ba.dir/CMakeCCompilerABI.c.o -lgcc --as-needed -lgcc_s --no-as-needed -lc -lgcc --as-needed -lgcc_s --no-as-needed /usr/lib/gcc/x86_64-linux-gnu/6/crtendS.o /usr/lib/gcc/x86_64-linux-gnu/6/../../../x86_64-linux-gnu/crtn.o
COLLECT_GCC_OPTIONS='-v' '-o' 'cmTC_ac6ba' '-rdynamic' '-mtune=generic' '-march=x86-64'
make[2]: выход из каталога «/home/strelok/wabt/out/gcc/Release/CMakeFiles/CMakeTmp»
make[1]: выход из каталога «/home/strelok/wabt/out/gcc/Release/CMakeFiles/CMakeTmp»


Parsed C implicit link information from above output:
  link line regex: [^( *|.*[/\])(ld|([^/\]+-)?ld|collect2)[^/\]*( |$)]
  ignore line: [Change Dir: /home/strelok/wabt/out/gcc/Release/CMakeFiles/CMakeTmp]
  ignore line: []
  ignore line: [Run Build Command:"/usr/bin/make" "cmTC_ac6ba/fast"]
  ignore line: [make[1]: вход в каталог «/home/strelok/wabt/out/gcc/Release/CMakeFiles/CMakeTmp»]
  ignore line: [/usr/bin/make -f CMakeFiles/cmTC_ac6ba.dir/build.make CMakeFiles/cmTC_ac6ba.dir/build]
  ignore line: [make[2]: вход в каталог «/home/strelok/wabt/out/gcc/Release/CMakeFiles/CMakeTmp»]
  ignore line: [Building C object CMakeFiles/cmTC_ac6ba.dir/CMakeCCompilerABI.c.o]
  ignore line: [/usr/bin/gcc     -o CMakeFiles/cmTC_ac6ba.dir/CMakeCCompilerABI.c.o   -c /usr/share/cmake-3.7/Modules/CMakeCCompilerABI.c]
  ignore line: [Linking C executable cmTC_ac6ba]
  ignore line: [/usr/bin/cmake -E cmake_link_script CMakeFiles/cmTC_ac6ba.dir/link.txt --verbose=1]
  ignore line: [/usr/bin/gcc      -v CMakeFiles/cmTC_ac6ba.dir/CMakeCCompilerABI.c.o  -o cmTC_ac6ba -rdynamic  ]
  ignore line: [Using built-in specs.]
  ignore line: [COLLECT_GCC=/usr/bin/gcc]
  ignore line: [COLLECT_LTO_WRAPPER=/usr/lib/gcc/x86_64-linux-gnu/6/lto-wrapper]
  ignore line: [Target: x86_64-linux-gnu]
  ignore line: [Configured with: ../src/configure -v --with-pkgversion='Ubuntu 6.3.0-12ubuntu2' --with-bugurl=file:///usr/share/doc/gcc-6/README.Bugs --enable-languages=c,ada,c++,java,go,d,fortran,objc,obj-c++ --prefix=/usr --program-suffix=-6 --program-prefix=x86_64-linux-gnu- --enable-shared --enable-linker-build-id --libexecdir=/usr/lib --without-included-gettext --enable-threads=posix --libdir=/usr/lib --enable-nls --with-sysroot=/ --enable-clocale=gnu --enable-libstdcxx-debug --enable-libstdcxx-time=yes --with-default-libstdcxx-abi=new --enable-gnu-unique-object --disable-vtable-verify --enable-libmpx --enable-plugin --enable-default-pie --with-system-zlib --disable-browser-plugin --enable-java-awt=gtk --enable-gtk-cairo --with-java-home=/usr/lib/jvm/java-1.5.0-gcj-6-amd64/jre --enable-java-home --with-jvm-root-dir=/usr/lib/jvm/java-1.5.0-gcj-6-amd64 --with-jvm-jar-dir=/usr/lib/jvm-exports/java-1.5.0-gcj-6-amd64 --with-arch-directory=amd64 --with-ecj-jar=/usr/share/java/eclipse-ecj.jar --with-target-system-zlib --enable-objc-gc=auto --enable-multiarch --disable-werror --with-arch-32=i686 --with-abi=m64 --with-multilib-list=m32,m64,mx32 --enable-multilib --with-tune=generic --enable-checking=release --build=x86_64-linux-gnu --host=x86_64-linux-gnu --target=x86_64-linux-gnu]
  ignore line: [Thread model: posix]
  ignore line: [gcc version 6.3.0 20170406 (Ubuntu 6.3.0-12ubuntu2) ]
  ignore line: [COMPILER_PATH=/usr/lib/gcc/x86_64-linux-gnu/6/:/usr/lib/gcc/x86_64-linux-gnu/6/:/usr/lib/gcc/x86_64-linux-gnu/:/usr/lib/gcc/x86_64-linux-gnu/6/:/usr/lib/gcc/x86_64-linux-gnu/]
  ignore line: [LIBRARY_PATH=/usr/lib/gcc/x86_64-linux-gnu/6/:/usr/lib/gcc/x86_64-linux-gnu/6/../../../x86_64-linux-gnu/:/usr/lib/gcc/x86_64-linux-gnu/6/../../../../lib/:/lib/x86_64-linux-gnu/:/lib/../lib/:/usr/lib/x86_64-linux-gnu/:/usr/lib/../lib/:/usr/lib/gcc/x86_64-linux-gnu/6/../../../:/lib/:/usr/lib/]
  ignore line: [COLLECT_GCC_OPTIONS='-v' '-o' 'cmTC_ac6ba' '-rdynamic' '-mtune=generic' '-march=x86-64']
  link line: [ /usr/lib/gcc/x86_64-linux-gnu/6/collect2 -plugin /usr/lib/gcc/x86_64-linux-gnu/6/liblto_plugin.so -plugin-opt=/usr/lib/gcc/x86_64-linux-gnu/6/lto-wrapper -plugin-opt=-fresolution=/tmp/ccDYEdpw.res -plugin-opt=-pass-through=-lgcc -plugin-opt=-pass-through=-lgcc_s -plugin-opt=-pass-through=-lc -plugin-opt=-pass-through=-lgcc -plugin-opt=-pass-through=-lgcc_s --sysroot=/ --build-id --eh-frame-hdr -m elf_x86_64 --hash-style=gnu --as-needed -export-dynamic -dynamic-linker /lib64/ld-linux-x86-64.so.2 -pie -z now -z relro -o cmTC_ac6ba /usr/lib/gcc/x86_64-linux-gnu/6/../../../x86_64-linux-gnu/Scrt1.o /usr/lib/gcc/x86_64-linux-gnu/6/../../../x86_64-linux-gnu/crti.o /usr/lib/gcc/x86_64-linux-gnu/6/crtbeginS.o -L/usr/lib/gcc/x86_64-linux-gnu/6 -L/usr/lib/gcc/x86_64-linux-gnu/6/../../../x86_64-linux-gnu -L/usr/lib/gcc/x86_64-linux-gnu/6/../../../../lib -L/lib/x86_64-linux-gnu -L/lib/../lib -L/usr/lib/x86_64-linux-gnu -L/usr/lib/../lib -L/usr/lib/gcc/x86_64-linux-gnu/6/../../.. CMakeFiles/cmTC_ac6ba.dir/CMakeCCompilerABI.c.o -lgcc --as-needed -lgcc_s --no-as-needed -lc -lgcc --as-needed -lgcc_s --no-as-needed /usr/lib/gcc/x86_64-linux-gnu/6/crtendS.o /usr/lib/gcc/x86_64-linux-gnu/6/../../../x86_64-linux-gnu/crtn.o]
    arg [/usr/lib/gcc/x86_64-linux-gnu/6/collect2] ==> ignore
    arg [-plugin] ==> ignore
    arg [/usr/lib/gcc/x86_64-linux-gnu/6/liblto_plugin.so] ==> ignore
    arg [-plugin-opt=/usr/lib/gcc/x86_64-linux-gnu/6/lto-wrapper] ==> ignore
    arg [-plugin-opt=-fresolution=/tmp/ccDYEdpw.res] ==> ignore
    arg [-plugin-opt=-pass-through=-lgcc] ==> ignore
    arg [-plugin-opt=-pass-through=-lgcc_s] ==> ignore
    arg [-plugin-opt=-pass-through=-lc] ==> ignore
    arg [-plugin-opt=-pass-through=-lgcc] ==> ignore
    arg [-plugin-opt=-pass-through=-lgcc_s] ==> ignore
    arg [--sysroot=/] ==> ignore
    arg [--build-id] ==> ignore
    arg [--eh-frame-hdr] ==> ignore
    arg [-m] ==> ignore
    arg [elf_x86_64] ==> ignore
    arg [--hash-style=gnu] ==> ignore
    arg [--as-needed] ==> ignore
    arg [-export-dynamic] ==> ignore
    arg [-dynamic-linker] ==> ignore
    arg [/lib64/ld-linux-x86-64.so.2] ==> ignore
    arg [-pie] ==> ignore
    arg [-znow] ==> ignore
    arg [-zrelro] ==> ignore
    arg [-o] ==> ignore
    arg [cmTC_ac6ba] ==> ignore
    arg [/usr/lib/gcc/x86_64-linux-gnu/6/../../../x86_64-linux-gnu/Scrt1.o] ==> ignore
    arg [/usr/lib/gcc/x86_64-linux-gnu/6/../../../x86_64-linux-gnu/crti.o] ==> ignore
    arg [/usr/lib/gcc/x86_64-linux-gnu/6/crtbeginS.o] ==> ignore
    arg [-L/usr/lib/gcc/x86_64-linux-gnu/6] ==> dir [/usr/lib/gcc/x86_64-linux-gnu/6]
    arg [-L/usr/lib/gcc/x86_64-linux-gnu/6/../../../x86_64-linux-gnu] ==> dir [/usr/lib/gcc/x86_64-linux-gnu/6/../../../x86_64-linux-gnu]
    arg [-L/usr/lib/gcc/x86_64-linux-gnu/6/../../../../lib] ==> dir [/usr/lib/gcc/x86_64-linux-gnu/6/../../../../lib]
    arg [-L/lib/x86_64-linux-gnu] ==> dir [/lib/x86_64-linux-gnu]
    arg [-L/lib/../lib] ==> dir [/lib/../lib]
    arg [-L/usr/lib/x86_64-linux-gnu] ==> dir [/usr/lib/x86_64-linux-gnu]
    arg [-L/usr/lib/../lib] ==> dir [/usr/lib/../lib]
    arg [-L/usr/lib/gcc/x86_64-linux-gnu/6/../../..] ==> dir [/usr/lib/gcc/x86_64-linux-gnu/6/../../..]
    arg [CMakeFiles/cmTC_ac6ba.dir/CMakeCCompilerABI.c.o] ==> ignore
    arg [-lgcc] ==> lib [gcc]
    arg [--as-needed] ==> ignore
    arg [-lgcc_s] ==> lib [gcc_s]
    arg [--no-as-needed] ==> ignore
    arg [-lc] ==> lib [c]
    arg [-lgcc] ==> lib [gcc]
    arg [--as-needed] ==> ignore
    arg [-lgcc_s] ==> lib [gcc_s]
    arg [--no-as-needed] ==> ignore
    arg [/usr/lib/gcc/x86_64-linux-gnu/6/crtendS.o] ==> ignore
    arg [/usr/lib/gcc/x86_64-linux-gnu/6/../../../x86_64-linux-gnu/crtn.o] ==> ignore
  remove lib [gcc]
  remove lib [gcc_s]
  remove lib [gcc]
  remove lib [gcc_s]
  collapse library dir [/usr/lib/gcc/x86_64-linux-gnu/6] ==> [/usr/lib/gcc/x86_64-linux-gnu/6]
  collapse library dir [/usr/lib/gcc/x86_64-linux-gnu/6/../../../x86_64-linux-gnu] ==> [/usr/lib/x86_64-linux-gnu]
  collapse library dir [/usr/lib/gcc/x86_64-linux-gnu/6/../../../../lib] ==> [/usr/lib]
  collapse library dir [/lib/x86_64-linux-gnu] ==> [/lib/x86_64-linux-gnu]
  collapse library dir [/lib/../lib] ==> [/lib]
  collapse library dir [/usr/lib/x86_64-linux-gnu] ==> [/usr/lib/x86_64-linux-gnu]
  collapse library dir [/usr/lib/../lib] ==> [/usr/lib]
  collapse library dir [/usr/lib/gcc/x86_64-linux-gnu/6/../../..] ==> [/usr/lib]
  implicit libs: [c]
  implicit dirs: [/usr/lib/gcc/x86_64-linux-gnu/6;/usr/lib/x86_64-linux-gnu;/usr/lib;/lib/x86_64-linux-gnu;/lib]
  implicit fwks: []




Detecting C [-std=c11] compiler features compiled with the following output:
Change Dir: /home/strelok/wabt/out/gcc/Release/CMakeFiles/CMakeTmp

Run Build Command:"/usr/bin/make" "cmTC_0b57d/fast"
make[1]: вход в каталог «/home/strelok/wabt/out/gcc/Release/CMakeFiles/CMakeTmp»
/usr/bin/make -f CMakeFiles/cmTC_0b57d.dir/build.make CMakeFiles/cmTC_0b57d.dir/build
make[2]: вход в каталог «/home/strelok/wabt/out/gcc/Release/CMakeFiles/CMakeTmp»
Building C object CMakeFiles/cmTC_0b57d.dir/feature_tests.c.o
/usr/bin/gcc    -std=c11 -o CMakeFiles/cmTC_0b57d.dir/feature_tests.c.o   -c /home/strelok/wabt/out/gcc/Release/CMakeFiles/feature_tests.c
Linking C executable cmTC_0b57d
/usr/bin/cmake -E cmake_link_script CMakeFiles/cmTC_0b57d.dir/link.txt --verbose=1
/usr/bin/gcc       CMakeFiles/cmTC_0b57d.dir/feature_tests.c.o  -o cmTC_0b57d -rdynamic 
make[2]: выход из каталога «/home/strelok/wabt/out/gcc/Release/CMakeFiles/CMakeTmp»
make[1]: выход из каталога «/home/strelok/wabt/out/gcc/Release/CMakeFiles/CMakeTmp»


    Feature record: C_FEATURE:1c_function_prototypes
    Feature record: C_FEATURE:1c_restrict
    Feature record: C_FEATURE:1c_static_assert
    Feature record: C_FEATURE:1c_variadic_macros


Detecting C [-std=c99] compiler features compiled with the following output:
Change Dir: /home/strelok/wabt/out/gcc/Release/CMakeFiles/CMakeTmp

Run Build Command:"/usr/bin/make" "cmTC_32af4/fast"
make[1]: вход в каталог «/home/strelok/wabt/out/gcc/Release/CMakeFiles/CMakeTmp»
/usr/bin/make -f CMakeFiles/cmTC_32af4.dir/build.make CMakeFiles/cmTC_32af4.dir/build
make[2]: вход в каталог «/home/strelok/wabt/out/gcc/Release/CMakeFiles/CMakeTmp»
Building C object CMakeFiles/cmTC_32af4.dir/feature_tests.c.o
/usr/bin/gcc    -std=c99 -o CMakeFiles/cmTC_32af4.dir/feature_tests.c.o   -c /home/strelok/wabt/out/gcc/Release/CMakeFiles/feature_tests.c
Linking C executable cmTC_32af4
/usr/bin/cmake -E cmake_link_script CMakeFiles/cmTC_32af4.dir/link.txt --verbose=1
/usr/bin/gcc       CMakeFiles/cmTC_32af4.dir/feature_tests.c.o  -o cmTC_32af4 -rdynamic 
make[2]: выход из каталога «/home/strelok/wabt/out/gcc/Release/CMakeFiles/CMakeTmp»
make[1]: выход из каталога «/home/strelok/wabt/out/gcc/Release/CMakeFiles/CMakeTmp»


    Feature record: C_FEATURE:1c_function_prototypes
    Feature record: C_FEATURE:1c_restrict
    Feature record: C_FEATURE:0c_static_assert
    Feature record: C_FEATURE:1c_variadic_macros


Detecting C [-std=c90] compiler features compiled with the following output:
Change Dir: /home/strelok/wabt/out/gcc/Release/CMakeFiles/CMakeTmp

Run Build Command:"/usr/bin/make" "cmTC_0680d/fast"
make[1]: вход в каталог «/home/strelok/wabt/out/gcc/Release/CMakeFiles/CMakeTmp»
/usr/bin/make -f CMakeFiles/cmTC_0680d.dir/build.make CMakeFiles/cmTC_0680d.dir/build
make[2]: вход в каталог «/home/strelok/wabt/out/gcc/Release/CMakeFiles/CMakeTmp»
Building C object CMakeFiles/cmTC_0680d.dir/feature_tests.c.o
/usr/bin/gcc    -std=c90 -o CMakeFiles/cmTC_0680d.dir/feature_tests.c.o   -c /home/strelok/wabt/out/gcc/Release/CMakeFiles/feature_tests.c
Linking C executable cmTC_0680d
/usr/bin/cmake -E cmake_link_script CMakeFiles/cmTC_0680d.dir/link.txt --verbose=1
/usr/bin/gcc       CMakeFiles/cmTC_0680d.dir/feature_tests.c.o  -o cmTC_0680d -rdynamic 
make[2]: выход из каталога «/home/strelok/wabt/out/gcc/Release/CMakeFiles/CMakeTmp»
make[1]: выход из каталога «/home/strelok/wabt/out/gcc/Release/CMakeFiles/CMakeTmp»


    Feature record: C_FEATURE:1c_function_prototypes
    Feature record: C_FEATURE:0c_restrict
    Feature record: C_FEATURE:0c_static_assert
    Feature record: C_FEATURE:0c_variadic_macros
Determining if the CXX compiler works passed with the following output:
Change Dir: /home/strelok/wabt/out/gcc/Release/CMakeFiles/CMakeTmp

Run Build Command:"/usr/bin/make" "cmTC_8a634/fast"
make[1]: вход в каталог «/home/strelok/wabt/out/gcc/Release/CMakeFiles/CMakeTmp»
/usr/bin/make -f CMakeFiles/cmTC_8a634.dir/build.make CMakeFiles/cmTC_8a634.dir/build
make[2]: вход в каталог «/home/strelok/wabt/out/gcc/Release/CMakeFiles/CMakeTmp»
Building CXX object CMakeFiles/cmTC_8a634.dir/testCXXCompiler.cxx.o
/usr/bin/g++      -o CMakeFiles/cmTC_8a634.dir/testCXXCompiler.cxx.o -c /home/strelok/wabt/out/gcc/Release/CMakeFiles/CMakeTmp/testCXXCompiler.cxx
Linking CXX executable cmTC_8a634
/usr/bin/cmake -E cmake_link_script CMakeFiles/cmTC_8a634.dir/link.txt --verbose=1
/usr/bin/g++        CMakeFiles/cmTC_8a634.dir/testCXXCompiler.cxx.o  -o cmTC_8a634 -rdynamic 
make[2]: выход из каталога «/home/strelok/wabt/out/gcc/Release/CMakeFiles/CMakeTmp»
make[1]: выход из каталога «/home/strelok/wabt/out/gcc/Release/CMakeFiles/CMakeTmp»


Detecting CXX compiler ABI info compiled with the following output:
Change Dir: /home/strelok/wabt/out/gcc/Release/CMakeFiles/CMakeTmp

Run Build Command:"/usr/bin/make" "cmTC_1f5b6/fast"
make[1]: вход в каталог «/home/strelok/wabt/out/gcc/Release/CMakeFiles/CMakeTmp»
/usr/bin/make -f CMakeFiles/cmTC_1f5b6.dir/build.make CMakeFiles/cmTC_1f5b6.dir/build
make[2]: вход в каталог «/home/strelok/wabt/out/gcc/Release/CMakeFiles/CMakeTmp»
Building CXX object CMakeFiles/cmTC_1f5b6.dir/CMakeCXXCompilerABI.cpp.o
/usr/bin/g++      -o CMakeFiles/cmTC_1f5b6.dir/CMakeCXXCompilerABI.cpp.o -c /usr/share/cmake-3.7/Modules/CMakeCXXCompilerABI.cpp
Linking CXX executable cmTC_1f5b6
/usr/bin/cmake -E cmake_link_script CMakeFiles/cmTC_1f5b6.dir/link.txt --verbose=1
/usr/bin/g++       -v CMakeFiles/cmTC_1f5b6.dir/CMakeCXXCompilerABI.cpp.o  -o cmTC_1f5b6 -rdynamic  
Using built-in specs.
COLLECT_GCC=/usr/bin/g++
COLLECT_LTO_WRAPPER=/usr/lib/gcc/x86_64-linux-gnu/6/lto-wrapper
Target: x86_64-linux-gnu
Configured with: ../src/configure -v --with-pkgversion='Ubuntu 6.3.0-12ubuntu2' --with-bugurl=file:///usr/share/doc/gcc-6/README.Bugs --enable-languages=c,ada,c++,java,go,d,fortran,objc,obj-c++ --prefix=/usr --program-suffix=-6 --program-prefix=x86_64-linux-gnu- --enable-shared --enable-linker-build-id --libexecdir=/usr/lib --without-included-gettext --enable-threads=posix --libdir=/usr/lib --enable-nls --with-sysroot=/ --enable-clocale=gnu --enable-libstdcxx-debug --enable-libstdcxx-time=yes --with-default-libstdcxx-abi=new --enable-gnu-unique-object --disable-vtable-verify --enable-libmpx --enable-plugin --enable-default-pie --with-system-zlib --disable-browser-plugin --enable-java-awt=gtk --enable-gtk-cairo --with-java-home=/usr/lib/jvm/java-1.5.0-gcj-6-amd64/jre --enable-java-home --with-jvm-root-dir=/usr/lib/jvm/java-1.5.0-gcj-6-amd64 --with-jvm-jar-dir=/usr/lib/jvm-exports/java-1.5.0-gcj-6-amd64 --with-arch-directory=amd64 --with-ecj-jar=/usr/share/java/eclipse-ecj.jar --with-target-system-zlib --enable-objc-gc=auto --enable-multiarch --disable-werror --with-arch-32=i686 --with-abi=m64 --with-multilib-list=m32,m64,mx32 --enable-multilib --with-tune=generic --enable-checking=release --build=x86_64-linux-gnu --host=x86_64-linux-gnu --target=x86_64-linux-gnu
Thread model: posix
gcc version 6.3.0 20170406 (Ubuntu 6.3.0-12ubuntu2) 
COMPILER_PATH=/usr/lib/gcc/x86_64-linux-gnu/6/:/usr/lib/gcc/x86_64-linux-gnu/6/:/usr/lib/gcc/x86_64-linux-gnu/:/usr/lib/gcc/x86_64-linux-gnu/6/:/usr/lib/gcc/x86_64-linux-gnu/
LIBRARY_PATH=/usr/lib/gcc/x86_64-linux-gnu/6/:/usr/lib/gcc/x86_64-linux-gnu/6/../../../x86_64-linux-gnu/:/usr/lib/gcc/x86_64-linux-gnu/6/../../../../lib/:/lib/x86_64-linux-gnu/:/lib/../lib/:/usr/lib/x86_64-linux-gnu/:/usr/lib/../lib/:/usr/lib/gcc/x86_64-linux-gnu/6/../../../:/lib/:/usr/lib/
COLLECT_GCC_OPTIONS='-v' '-o' 'cmTC_1f5b6' '-rdynamic' '-shared-libgcc' '-mtune=generic' '-march=x86-64'
 /usr/lib/gcc/x86_64-linux-gnu/6/collect2 -plugin /usr/lib/gcc/x86_64-linux-gnu/6/liblto_plugin.so -plugin-opt=/usr/lib/gcc/x86_64-linux-gnu/6/lto-wrapper -plugin-opt=-fresolution=/tmp/cctYibKZ.res -plugin-opt=-pass-through=-lgcc_s -plugin-opt=-pass-through=-lgcc -plugin-opt=-pass-through=-lc -plugin-opt=-pass-through=-lgcc_s -plugin-opt=-pass-through=-lgcc --sysroot=/ --build-id --eh-frame-hdr -m elf_x86_64 --hash-style=gnu --as-needed -export-dynamic -dynamic-linker /lib64/ld-linux-x86-64.so.2 -pie -z now -z relro -o cmTC_1f5b6 /usr/lib/gcc/x86_64-linux-gnu/6/../../../x86_64-linux-gnu/Scrt1.o /usr/lib/gcc/x86_64-linux-gnu/6/../../../x86_64-linux-gnu/crti.o /usr/lib/gcc/x86_64-linux-gnu/6/crtbeginS.o -L/usr/lib/gcc/x86_64-linux-gnu/6 -L/usr/lib/gcc/x86_64-linux-gnu/6/../../../x86_64-linux-gnu -L/usr/lib/gcc/x86_64-linux-gnu/6/../../../../lib -L/lib/x86_64-linux-gnu -L/lib/../lib -L/usr/lib/x86_64-linux-gnu -L/usr/lib/../lib -L/usr/lib/gcc/x86_64-linux-gnu/6/../../.. CMakeFiles/cmTC_1f5b6.dir/CMakeCXXCompilerABI.cpp.o -lstdc++ -lm -lgcc_s -lgcc -lc -lgcc_s -lgcc /usr/lib/gcc/x86_64-linux-gnu/6/crtendS.o /usr/lib/gcc/x86_64-linux-gnu/6/../../../x86_64-linux-gnu/crtn.o
COLLECT_GCC_OPTIONS='-v' '-o' 'cmTC_1f5b6' '-rdynamic' '-shared-libgcc' '-mtune=generic' '-march=x86-64'
make[2]: выход из каталога «/home/strelok/wabt/out/gcc/Release/CMakeFiles/CMakeTmp»
make[1]: выход из каталога «/home/strelok/wabt/out/gcc/Release/CMakeFiles/CMakeTmp»


Parsed CXX implicit link information from above output:
  link line regex: [^( *|.*[/\])(ld|([^/\]+-)?ld|collect2)[^/\]*( |$)]
  ignore line: [Change Dir: /home/strelok/wabt/out/gcc/Release/CMakeFiles/CMakeTmp]
  ignore line: []
  ignore line: [Run Build Command:"/usr/bin/make" "cmTC_1f5b6/fast"]
  ignore line: [make[1]: вход в каталог «/home/strelok/wabt/out/gcc/Release/CMakeFiles/CMakeTmp»]
  ignore line: [/usr/bin/make -f CMakeFiles/cmTC_1f5b6.dir/build.make CMakeFiles/cmTC_1f5b6.dir/build]
  ignore line: [make[2]: вход в каталог «/home/strelok/wabt/out/gcc/Release/CMakeFiles/CMakeTmp»]
  ignore line: [Building CXX object CMakeFiles/cmTC_1f5b6.dir/CMakeCXXCompilerABI.cpp.o]
  ignore line: [/usr/bin/g++      -o CMakeFiles/cmTC_1f5b6.dir/CMakeCXXCompilerABI.cpp.o -c /usr/share/cmake-3.7/Modules/CMakeCXXCompilerABI.cpp]
  ignore line: [Linking CXX executable cmTC_1f5b6]
  ignore line: [/usr/bin/cmake -E cmake_link_script CMakeFiles/cmTC_1f5b6.dir/link.txt --verbose=1]
  ignore line: [/usr/bin/g++       -v CMakeFiles/cmTC_1f5b6.dir/CMakeCXXCompilerABI.cpp.o  -o cmTC_1f5b6 -rdynamic  ]
  ignore line: [Using built-in specs.]
  ignore line: [COLLECT_GCC=/usr/bin/g++]
  ignore line: [COLLECT_LTO_WRAPPER=/usr/lib/gcc/x86_64-linux-gnu/6/lto-wrapper]
  ignore line: [Target: x86_64-linux-gnu]
  ignore line: [Configured with: ../src/configure -v --with-pkgversion='Ubuntu 6.3.0-12ubuntu2' --with-bugurl=file:///usr/share/doc/gcc-6/README.Bugs --enable-languages=c,ada,c++,java,go,d,fortran,objc,obj-c++ --prefix=/usr --program-suffix=-6 --program-prefix=x86_64-linux-gnu- --enable-shared --enable-linker-build-id --libexecdir=/usr/lib --without-included-gettext --enable-threads=posix --libdir=/usr/lib --enable-nls --with-sysroot=/ --enable-clocale=gnu --enable-libstdcxx-debug --enable-libstdcxx-time=yes --with-default-libstdcxx-abi=new --enable-gnu-unique-object --disable-vtable-verify --enable-libmpx --enable-plugin --enable-default-pie --with-system-zlib --disable-browser-plugin --enable-java-awt=gtk --enable-gtk-cairo --with-java-home=/usr/lib/jvm/java-1.5.0-gcj-6-amd64/jre --enable-java-home --with-jvm-root-dir=/usr/lib/jvm/java-1.5.0-gcj-6-amd64 --with-jvm-jar-dir=/usr/lib/jvm-exports/java-1.5.0-gcj-6-amd64 --with-arch-directory=amd64 --with-ecj-jar=/usr/share/java/eclipse-ecj.jar --with-target-system-zlib --enable-objc-gc=auto --enable-multiarch --disable-werror --with-arch-32=i686 --with-abi=m64 --with-multilib-list=m32,m64,mx32 --enable-multilib --with-tune=generic --enable-checking=release --build=x86_64-linux-gnu --host=x86_64-linux-gnu --target=x86_64-linux-gnu]
  ignore line: [Thread model: posix]
  ignore line: [gcc version 6.3.0 20170406 (Ubuntu 6.3.0-12ubuntu2) ]
  ignore line: [COMPILER_PATH=/usr/lib/gcc/x86_64-linux-gnu/6/:/usr/lib/gcc/x86_64-linux-gnu/6/:/usr/lib/gcc/x86_64-linux-gnu/:/usr/lib/gcc/x86_64-linux-gnu/6/:/usr/lib/gcc/x86_64-linux-gnu/]
  ignore line: [LIBRARY_PATH=/usr/lib/gcc/x86_64-linux-gnu/6/:/usr/lib/gcc/x86_64-linux-gnu/6/../../../x86_64-linux-gnu/:/usr/lib/gcc/x86_64-linux-gnu/6/../../../../lib/:/lib/x86_64-linux-gnu/:/lib/../lib/:/usr/lib/x86_64-linux-gnu/:/usr/lib/../lib/:/usr/lib/gcc/x86_64-linux-gnu/6/../../../:/lib/:/usr/lib/]
  ignore line: [COLLECT_GCC_OPTIONS='-v' '-o' 'cmTC_1f5b6' '-rdynamic' '-shared-libgcc' '-mtune=generic' '-march=x86-64']
  link line: [ /usr/lib/gcc/x86_64-linux-gnu/6/collect2 -plugin /usr/lib/gcc/x86_64-linux-gnu/6/liblto_plugin.so -plugin-opt=/usr/lib/gcc/x86_64-linux-gnu/6/lto-wrapper -plugin-opt=-fresolution=/tmp/cctYibKZ.res -plugin-opt=-pass-through=-lgcc_s -plugin-opt=-pass-through=-lgcc -plugin-opt=-pass-through=-lc -plugin-opt=-pass-through=-lgcc_s -plugin-opt=-pass-through=-lgcc --sysroot=/ --build-id --eh-frame-hdr -m elf_x86_64 --hash-style=gnu --as-needed -export-dynamic -dynamic-linker /lib64/ld-linux-x86-64.so.2 -pie -z now -z relro -o cmTC_1f5b6 /usr/lib/gcc/x86_64-linux-gnu/6/../../../x86_64-linux-gnu/Scrt1.o /usr/lib/gcc/x86_64-linux-gnu/6/../../../x86_64-linux-gnu/crti.o /usr/lib/gcc/x86_64-linux-gnu/6/crtbeginS.o -L/usr/lib/gcc/x86_64-linux-gnu/6 -L/usr/lib/gcc/x86_64-linux-gnu/6/../../../x86_64-linux-gnu -L/usr/lib/gcc/x86_64-linux-gnu/6/../../../../lib -L/lib/x86_64-linux-gnu -L/lib/../lib -L/usr/lib/x86_64-linux-gnu -L/usr/lib/../lib -L/usr/lib/gcc/x86_64-linux-gnu/6/../../.. CMakeFiles/cmTC_1f5b6.dir/CMakeCXXCompilerABI.cpp.o -lstdc++ -lm -lgcc_s -lgcc -lc -lgcc_s -lgcc /usr/lib/gcc/x86_64-linux-gnu/6/crtendS.o /usr/lib/gcc/x86_64-linux-gnu/6/../../../x86_64-linux-gnu/crtn.o]
    arg [/usr/lib/gcc/x86_64-linux-gnu/6/collect2] ==> ignore
    arg [-plugin] ==> ignore
    arg [/usr/lib/gcc/x86_64-linux-gnu/6/liblto_plugin.so] ==> ignore
    arg [-plugin-opt=/usr/lib/gcc/x86_64-linux-gnu/6/lto-wrapper] ==> ignore
    arg [-plugin-opt=-fresolution=/tmp/cctYibKZ.res] ==> ignore
    arg [-plugin-opt=-pass-through=-lgcc_s] ==> ignore
    arg [-plugin-opt=-pass-through=-lgcc] ==> ignore
    arg [-plugin-opt=-pass-through=-lc] ==> ignore
    arg [-plugin-opt=-pass-through=-lgcc_s] ==> ignore
    arg [-plugin-opt=-pass-through=-lgcc] ==> ignore
    arg [--sysroot=/] ==> ignore
    arg [--build-id] ==> ignore
    arg [--eh-frame-hdr] ==> ignore
    arg [-m] ==> ignore
    arg [elf_x86_64] ==> ignore
    arg [--hash-style=gnu] ==> ignore
    arg [--as-needed] ==> ignore
    arg [-export-dynamic] ==> ignore
    arg [-dynamic-linker] ==> ignore
    arg [/lib64/ld-linux-x86-64.so.2] ==> ignore
    arg [-pie] ==> ignore
    arg [-znow] ==> ignore
    arg [-zrelro] ==> ignore
    arg [-o] ==> ignore
    arg [cmTC_1f5b6] ==> ignore
    arg [/usr/lib/gcc/x86_64-linux-gnu/6/../../../x86_64-linux-gnu/Scrt1.o] ==> ignore
    arg [/usr/lib/gcc/x86_64-linux-gnu/6/../../../x86_64-linux-gnu/crti.o] ==> ignore
    arg [/usr/lib/gcc/x86_64-linux-gnu/6/crtbeginS.o] ==> ignore
    arg [-L/usr/lib/gcc/x86_64-linux-gnu/6] ==> dir [/usr/lib/gcc/x86_64-linux-gnu/6]
    arg [-L/usr/lib/gcc/x86_64-linux-gnu/6/../../../x86_64-linux-gnu] ==> dir [/usr/lib/gcc/x86_64-linux-gnu/6/../../../x86_64-linux-gnu]
    arg [-L/usr/lib/gcc/x86_64-linux-gnu/6/../../../../lib] ==> dir [/usr/lib/gcc/x86_64-linux-gnu/6/../../../../lib]
    arg [-L/lib/x86_64-linux-gnu] ==> dir [/lib/x86_64-linux-gnu]
    arg [-L/lib/../lib] ==> dir [/lib/../lib]
    arg [-L/usr/lib/x86_64-linux-gnu] ==> dir [/usr/lib/x86_64-linux-gnu]
    arg [-L/usr/lib/../lib] ==> dir [/usr/lib/../lib]
    arg [-L/usr/lib/gcc/x86_64-linux-gnu/6/../../..] ==> dir [/usr/lib/gcc/x86_64-linux-gnu/6/../../..]
    arg [CMakeFiles/cmTC_1f5b6.dir/CMakeCXXCompilerABI.cpp.o] ==> ignore
    arg [-lstdc++] ==> lib [stdc++]
    arg [-lm] ==> lib [m]
    arg [-lgcc_s] ==> lib [gcc_s]
    arg [-lgcc] ==> lib [gcc]
    arg [-lc] ==> lib [c]
    arg [-lgcc_s] ==> lib [gcc_s]
    arg [-lgcc] ==> lib [gcc]
    arg [/usr/lib/gcc/x86_64-linux-gnu/6/crtendS.o] ==> ignore
    arg [/usr/lib/gcc/x86_64-linux-gnu/6/../../../x86_64-linux-gnu/crtn.o] ==> ignore
  remove lib [gcc_s]
  remove lib [gcc]
  remove lib [gcc_s]
  remove lib [gcc]
  collapse library dir [/usr/lib/gcc/x86_64-linux-gnu/6] ==> [/usr/lib/gcc/x86_64-linux-gnu/6]
  collapse library dir [/usr/lib/gcc/x86_64-linux-gnu/6/../../../x86_64-linux-gnu] ==> [/usr/lib/x86_64-linux-gnu]
  collapse library dir [/usr/lib/gcc/x86_64-linux-gnu/6/../../../../lib] ==> [/usr/lib]
  collapse library dir [/lib/x86_64-linux-gnu] ==> [/lib/x86_64-linux-gnu]
  collapse library dir [/lib/../lib] ==> [/lib]
  collapse library dir [/usr/lib/x86_64-linux-gnu] ==> [/usr/lib/x86_64-linux-gnu]
  collapse library dir [/usr/lib/../lib] ==> [/usr/lib]
  collapse library dir [/usr/lib/gcc/x86_64-linux-gnu/6/../../..] ==> [/usr/lib]
  implicit libs: [stdc++;m;c]
  implicit dirs: [/usr/lib/gcc/x86_64-linux-gnu/6;/usr/lib/x86_64-linux-gnu;/usr/lib;/lib/x86_64-linux-gnu;/lib]
  implicit fwks: []




Detecting CXX [-std=c++14] compiler features compiled with the following output:
Change Dir: /home/strelok/wabt/out/gcc/Release/CMakeFiles/CMakeTmp

Run Build Command:"/usr/bin/make" "cmTC_0ea15/fast"
make[1]: вход в каталог «/home/strelok/wabt/out/gcc/Release/CMakeFiles/CMakeTmp»
/usr/bin/make -f CMakeFiles/cmTC_0ea15.dir/build.make CMakeFiles/cmTC_0ea15.dir/build
make[2]: вход в каталог «/home/strelok/wabt/out/gcc/Release/CMakeFiles/CMakeTmp»
Building CXX object CMakeFiles/cmTC_0ea15.dir/feature_tests.cxx.o
/usr/bin/g++     -std=c++14 -o CMakeFiles/cmTC_0ea15.dir/feature_tests.cxx.o -c /home/strelok/wabt/out/gcc/Release/CMakeFiles/feature_tests.cxx
Linking CXX executable cmTC_0ea15
/usr/bin/cmake -E cmake_link_script CMakeFiles/cmTC_0ea15.dir/link.txt --verbose=1
/usr/bin/g++        CMakeFiles/cmTC_0ea15.dir/feature_tests.cxx.o  -o cmTC_0ea15 -rdynamic 
make[2]: выход из каталога «/home/strelok/wabt/out/gcc/Release/CMakeFiles/CMakeTmp»
make[1]: выход из каталога «/home/strelok/wabt/out/gcc/Release/CMakeFiles/CMakeTmp»


    Feature record: CXX_FEATURE:1cxx_aggregate_default_initializers
    Feature record: CXX_FEATURE:1cxx_alias_templates
    Feature record: CXX_FEATURE:1cxx_alignas
    Feature record: CXX_FEATURE:1cxx_alignof
    Feature record: CXX_FEATURE:1cxx_attributes
    Feature record: CXX_FEATURE:1cxx_attribute_deprecated
    Feature record: CXX_FEATURE:1cxx_auto_type
    Feature record: CXX_FEATURE:1cxx_binary_literals
    Feature record: CXX_FEATURE:1cxx_constexpr
    Feature record: CXX_FEATURE:1cxx_contextual_conversions
    Feature record: CXX_FEATURE:1cxx_decltype
    Feature record: CXX_FEATURE:1cxx_decltype_auto
    Feature record: CXX_FEATURE:1cxx_decltype_incomplete_return_types
    Feature record: CXX_FEATURE:1cxx_default_function_template_args
    Feature record: CXX_FEATURE:1cxx_defaulted_functions
    Feature record: CXX_FEATURE:1cxx_defaulted_move_initializers
    Feature record: CXX_FEATURE:1cxx_delegating_constructors
    Feature record: CXX_FEATURE:1cxx_deleted_functions
    Feature record: CXX_FEATURE:1cxx_digit_separators
    Feature record: CXX_FEATURE:1cxx_enum_forward_declarations
    Feature record: CXX_FEATURE:1cxx_explicit_conversions
    Feature record: CXX_FEATURE:1cxx_extended_friend_declarations
    Feature record: CXX_FEATURE:1cxx_extern_templates
    Feature record: CXX_FEATURE:1cxx_final
    Feature record: CXX_FEATURE:1cxx_func_identifier
    Feature record: CXX_FEATURE:1cxx_generalized_initializers
    Feature record: CXX_FEATURE:1cxx_generic_lambdas
    Feature record: CXX_FEATURE:1cxx_inheriting_constructors
    Feature record: CXX_FEATURE:1cxx_inline_namespaces
    Feature record: CXX_FEATURE:1cxx_lambdas
    Feature record: CXX_FEATURE:1cxx_lambda_init_captures
    Feature record: CXX_FEATURE:1cxx_local_type_template_args
    Feature record: CXX_FEATURE:1cxx_long_long_type
    Feature record: CXX_FEATURE:1cxx_noexcept
    Feature record: CXX_FEATURE:1cxx_nonstatic_member_init
    Feature record: CXX_FEATURE:1cxx_nullptr
    Feature record: CXX_FEATURE:1cxx_override
    Feature record: CXX_FEATURE:1cxx_range_for
    Feature record: CXX_FEATURE:1cxx_raw_string_literals
    Feature record: CXX_FEATURE:1cxx_reference_qualified_functions
    Feature record: CXX_FEATURE:1cxx_relaxed_constexpr
    Feature record: CXX_FEATURE:1cxx_return_type_deduction
    Feature record: CXX_FEATURE:1cxx_right_angle_brackets
    Feature record: CXX_FEATURE:1cxx_rvalue_references
    Feature record: CXX_FEATURE:1cxx_sizeof_member
    Feature record: CXX_FEATURE:1cxx_static_assert
    Feature record: CXX_FEATURE:1cxx_strong_enums
    Feature record: CXX_FEATURE:1cxx_template_template_parameters
    Feature record: CXX_FEATURE:1cxx_thread_local
    Feature record: CXX_FEATURE:1cxx_trailing_return_types
    Feature record: CXX_FEATURE:1cxx_unicode_literals
    Feature record: CXX_FEATURE:1cxx_uniform_initialization
    Feature record: CXX_FEATURE:1cxx_unrestricted_unions
    Feature record: CXX_FEATURE:1cxx_user_literals
    Feature record: CXX_FEATURE:1cxx_variable_templates
    Feature record: CXX_FEATURE:1cxx_variadic_macros
    Feature record: CXX_FEATURE:1cxx_variadic_templates


Detecting CXX [-std=c++11] compiler features compiled with the following output:
Change Dir: /home/strelok/wabt/out/gcc/Release/CMakeFiles/CMakeTmp

Run Build Command:"/usr/bin/make" "cmTC_937cd/fast"
make[1]: вход в каталог «/home/strelok/wabt/out/gcc/Release/CMakeFiles/CMakeTmp»
/usr/bin/make -f CMakeFiles/cmTC_937cd.dir/build.make CMakeFiles/cmTC_937cd.dir/build
make[2]: вход в каталог «/home/strelok/wabt/out/gcc/Release/CMakeFiles/CMakeTmp»
Building CXX object CMakeFiles/cmTC_937cd.dir/feature_tests.cxx.o
/usr/bin/g++     -std=c++11 -o CMakeFiles/cmTC_937cd.dir/feature_tests.cxx.o -c /home/strelok/wabt/out/gcc/Release/CMakeFiles/feature_tests.cxx
Linking CXX executable cmTC_937cd
/usr/bin/cmake -E cmake_link_script CMakeFiles/cmTC_937cd.dir/link.txt --verbose=1
/usr/bin/g++        CMakeFiles/cmTC_937cd.dir/feature_tests.cxx.o  -o cmTC_937cd -rdynamic 
make[2]: выход из каталога «/home/strelok/wabt/out/gcc/Release/CMakeFiles/CMakeTmp»
make[1]: выход из каталога «/home/strelok/wabt/out/gcc/Release/CMakeFiles/CMakeTmp»


    Feature record: CXX_FEATURE:0cxx_aggregate_default_initializers
    Feature record: CXX_FEATURE:1cxx_alias_templates
    Feature record: CXX_FEATURE:1cxx_alignas
    Feature record: CXX_FEATURE:1cxx_alignof
    Feature record: CXX_FEATURE:1cxx_attributes
    Feature record: CXX_FEATURE:0cxx_attribute_deprecated
    Feature record: CXX_FEATURE:1cxx_auto_type
    Feature record: CXX_FEATURE:0cxx_binary_literals
    Feature record: CXX_FEATURE:1cxx_constexpr
    Feature record: CXX_FEATURE:0cxx_contextual_conversions
    Feature record: CXX_FEATURE:1cxx_decltype
    Feature record: CXX_FEATURE:0cxx_decltype_auto
    Feature record: CXX_FEATURE:1cxx_decltype_incomplete_return_types
    Feature record: CXX_FEATURE:1cxx_default_function_template_args
    Feature record: CXX_FEATURE:1cxx_defaulted_functions
    Feature record: CXX_FEATURE:1cxx_defaulted_move_initializers
    Feature record: CXX_FEATURE:1cxx_delegating_constructors
    Feature record: CXX_FEATURE:1cxx_deleted_functions
    Feature record: CXX_FEATURE:0cxx_digit_separators
    Feature record: CXX_FEATURE:1cxx_enum_forward_declarations
    Feature record: CXX_FEATURE:1cxx_explicit_conversions
    Feature record: CXX_FEATURE:1cxx_extended_friend_declarations
    Feature record: CXX_FEATURE:1cxx_extern_templates
    Feature record: CXX_FEATURE:1cxx_final
    Feature record: CXX_FEATURE:1cxx_func_identifier
    Feature record: CXX_FEATURE:1cxx_generalized_initializers
    Feature record: CXX_FEATURE:0cxx_generic_lambdas
    Feature record: CXX_FEATURE:1cxx_inheriting_constructors
    Feature record: CXX_FEATURE:1cxx_inline_namespaces
    Feature record: CXX_FEATURE:1cxx_lambdas
    Feature record: CXX_FEATURE:0cxx_lambda_init_captures
    Feature record: CXX_FEATURE:1cxx_local_type_template_args
    Feature record: CXX_FEATURE:1cxx_long_long_type
    Feature record: CXX_FEATURE:1cxx_noexcept
    Feature record: CXX_FEATURE:1cxx_nonstatic_member_init
    Feature record: CXX_FEATURE:1cxx_nullptr
    Feature record: CXX_FEATURE:1cxx_override
    Feature record: CXX_FEATURE:1cxx_range_for
    Feature record: CXX_FEATURE:1cxx_raw_string_literals
    Feature record: CXX_FEATURE:1cxx_reference_qualified_functions
    Feature record: CXX_FEATURE:0cxx_relaxed_constexpr
    Feature record: CXX_FEATURE:0cxx_return_type_deduction
    Feature record: CXX_FEATURE:1cxx_right_angle_brackets
    Feature record: CXX_FEATURE:1cxx_rvalue_references
    Feature record: CXX_FEATURE:1cxx_sizeof_member
    Feature record: CXX_FEATURE:1cxx_static_assert
    Feature record: CXX_FEATURE:1cxx_strong_enums
    Feature record: CXX_FEATURE:1cxx_template_template_parameters
    Feature record: CXX_FEATURE:1cxx_thread_local
    Feature record: CXX_FEATURE:1cxx_trailing_return_types
    Feature record: CXX_FEATURE:1cxx_unicode_literals
    Feature record: CXX_FEATURE:1cxx_uniform_initialization
    Feature record: CXX_FEATURE:1cxx_unrestricted_unions
    Feature record: CXX_FEATURE:1cxx_user_literals
    Feature record: CXX_FEATURE:0cxx_variable_templates
    Feature record: CXX_FEATURE:1cxx_variadic_macros
    Feature record: CXX_FEATURE:1cxx_variadic_templates


Detecting CXX [-std=c++98] compiler features compiled with the following output:
Change Dir: /home/strelok/wabt/out/gcc/Release/CMakeFiles/CMakeTmp

Run Build Command:"/usr/bin/make" "cmTC_118ef/fast"
make[1]: вход в каталог «/home/strelok/wabt/out/gcc/Release/CMakeFiles/CMakeTmp»
/usr/bin/make -f CMakeFiles/cmTC_118ef.dir/build.make CMakeFiles/cmTC_118ef.dir/build
make[2]: вход в каталог «/home/strelok/wabt/out/gcc/Release/CMakeFiles/CMakeTmp»
Building CXX object CMakeFiles/cmTC_118ef.dir/feature_tests.cxx.o
/usr/bin/g++     -std=c++98 -o CMakeFiles/cmTC_118ef.dir/feature_tests.cxx.o -c /home/strelok/wabt/out/gcc/Release/CMakeFiles/feature_tests.cxx
Linking CXX executable cmTC_118ef
/usr/bin/cmake -E cmake_link_script CMakeFiles/cmTC_118ef.dir/link.txt --verbose=1
/usr/bin/g++        CMakeFiles/cmTC_118ef.dir/feature_tests.cxx.o  -o cmTC_118ef -rdynamic 
make[2]: выход из каталога «/home/strelok/wabt/out/gcc/Release/CMakeFiles/CMakeTmp»
make[1]: выход из каталога «/home/strelok/wabt/out/gcc/Release/CMakeFiles/CMakeTmp»


    Feature record: CXX_FEATURE:0cxx_aggregate_default_initializers
    Feature record: CXX_FEATURE:0cxx_alias_templates
    Feature record: CXX_FEATURE:0cxx_alignas
    Feature record: CXX_FEATURE:0cxx_alignof
    Feature record: CXX_FEATURE:0cxx_attributes
    Feature record: CXX_FEATURE:0cxx_attribute_deprecated
    Feature record: CXX_FEATURE:0cxx_auto_type
    Feature record: CXX_FEATURE:0cxx_binary_literals
    Feature record: CXX_FEATURE:0cxx_constexpr
    Feature record: CXX_FEATURE:0cxx_contextual_conversions
    Feature record: CXX_FEATURE:0cxx_decltype
    Feature record: CXX_FEATURE:0cxx_decltype_auto
    Feature record: CXX_FEATURE:0cxx_decltype_incomplete_return_types
    Feature record: CXX_FEATURE:0cxx_default_function_template_args
    Feature record: CXX_FEATURE:0cxx_defaulted_functions
    Feature record: CXX_FEATURE:0cxx_defaulted_move_initializers
    Feature record: CXX_FEATURE:0cxx_delegating_constructors
    Feature record: CXX_FEATURE:0cxx_deleted_functions
    Feature record: CXX_FEATURE:0cxx_digit_separators
    Feature record: CXX_FEATURE:0cxx_enum_forward_declarations
    Feature record: CXX_FEATURE:0cxx_explicit_conversions
    Feature record: CXX_FEATURE:0cxx_extended_friend_declarations
    Feature record: CXX_FEATURE:0cxx_extern_templates
    Feature record: CXX_FEATURE:0cxx_final
    Feature record: CXX_FEATURE:0cxx_func_identifier
    Feature record: CXX_FEATURE:0cxx_generalized_initializers
    Feature record: CXX_FEATURE:0cxx_generic_lambdas
    Feature record: CXX_FEATURE:0cxx_inheriting_constructors
    Feature record: CXX_FEATURE:0cxx_inline_namespaces
    Feature record: CXX_FEATURE:0cxx_lambdas
    Feature record: CXX_FEATURE:0cxx_lambda_init_captures
    Feature record: CXX_FEATURE:0cxx_local_type_template_args
    Feature record: CXX_FEATURE:0cxx_long_long_type
    Feature record: CXX_FEATURE:0cxx_noexcept
    Feature record: CXX_FEATURE:0cxx_nonstatic_member_init
    Feature record: CXX_FEATURE:0cxx_nullptr
    Feature record: CXX_FEATURE:0cxx_override
    Feature record: CXX_FEATURE:0cxx_range_for
    Feature record: CXX_FEATURE:0cxx_raw_string_literals
    Feature record: CXX_FEATURE:0cxx_reference_qualified_functions
    Feature record: CXX_FEATURE:0cxx_relaxed_constexpr
    Feature record: CXX_FEATURE:0cxx_return_type_deduction
    Feature record: CXX_FEATURE:0cxx_right_angle_brackets
    Feature record: CXX_FEATURE:0cxx_rvalue_references
    Feature record: CXX_FEATURE:0cxx_sizeof_member
    Feature record: CXX_FEATURE:0cxx_static_assert
    Feature record: CXX_FEATURE:0cxx_strong_enums
    Feature record: CXX_FEATURE:1cxx_template_template_parameters
    Feature record: CXX_FEATURE:0cxx_thread_local
    Feature record: CXX_FEATURE:0cxx_trailing_return_types
    Feature record: CXX_FEATURE:0cxx_unicode_literals
    Feature record: CXX_FEATURE:0cxx_uniform_initialization
    Feature record: CXX_FEATURE:0cxx_unrestricted_unions
    Feature record: CXX_FEATURE:0cxx_user_literals
    Feature record: CXX_FEATURE:0cxx_variable_templates
    Feature record: CXX_FEATURE:0cxx_variadic_macros
    Feature record: CXX_FEATURE:0cxx_variadic_templates
Determining if the include file alloca.h exists passed with the following output:
Change Dir: /home/strelok/wabt/out/gcc/Release/CMakeFiles/CMakeTmp

Run Build Command:"/usr/bin/make" "cmTC_00510/fast"
make[1]: вход в каталог «/home/strelok/wabt/out/gcc/Release/CMakeFiles/CMakeTmp»
/usr/bin/make -f CMakeFiles/cmTC_00510.dir/build.make CMakeFiles/cmTC_00510.dir/build
make[2]: вход в каталог «/home/strelok/wabt/out/gcc/Release/CMakeFiles/CMakeTmp»
Building C object CMakeFiles/cmTC_00510.dir/CheckIncludeFile.c.o
/usr/bin/gcc     -o CMakeFiles/cmTC_00510.dir/CheckIncludeFile.c.o   -c /home/strelok/wabt/out/gcc/Release/CMakeFiles/CMakeTmp/CheckIncludeFile.c
Linking C executable cmTC_00510
/usr/bin/cmake -E cmake_link_script CMakeFiles/cmTC_00510.dir/link.txt --verbose=1
/usr/bin/gcc       CMakeFiles/cmTC_00510.dir/CheckIncludeFile.c.o  -o cmTC_00510 -rdynamic 
make[2]: выход из каталога «/home/strelok/wabt/out/gcc/Release/CMakeFiles/CMakeTmp»
make[1]: выход из каталога «/home/strelok/wabt/out/gcc/Release/CMakeFiles/CMakeTmp»


Determining if the include file unistd.h exists passed with the following output:
Change Dir: /home/strelok/wabt/out/gcc/Release/CMakeFiles/CMakeTmp

Run Build Command:"/usr/bin/make" "cmTC_54245/fast"
make[1]: вход в каталог «/home/strelok/wabt/out/gcc/Release/CMakeFiles/CMakeTmp»
/usr/bin/make -f CMakeFiles/cmTC_54245.dir/build.make CMakeFiles/cmTC_54245.dir/build
make[2]: вход в каталог «/home/strelok/wabt/out/gcc/Release/CMakeFiles/CMakeTmp»
Building C object CMakeFiles/cmTC_54245.dir/CheckIncludeFile.c.o
/usr/bin/gcc     -o CMakeFiles/cmTC_54245.dir/CheckIncludeFile.c.o   -c /home/strelok/wabt/out/gcc/Release/CMakeFiles/CMakeTmp/CheckIncludeFile.c
Linking C executable cmTC_54245
/usr/bin/cmake -E cmake_link_script CMakeFiles/cmTC_54245.dir/link.txt --verbose=1
/usr/bin/gcc       CMakeFiles/cmTC_54245.dir/CheckIncludeFile.c.o  -o cmTC_54245 -rdynamic 
make[2]: выход из каталога «/home/strelok/wabt/out/gcc/Release/CMakeFiles/CMakeTmp»
make[1]: выход из каталога «/home/strelok/wabt/out/gcc/Release/CMakeFiles/CMakeTmp»


Determining if the snprintf exist passed with the following output:
Change Dir: /home/strelok/wabt/out/gcc/Release/CMakeFiles/CMakeTmp

Run Build Command:"/usr/bin/make" "cmTC_91fdd/fast"
make[1]: вход в каталог «/home/strelok/wabt/out/gcc/Release/CMakeFiles/CMakeTmp»
/usr/bin/make -f CMakeFiles/cmTC_91fdd.dir/build.make CMakeFiles/cmTC_91fdd.dir/build
make[2]: вход в каталог «/home/strelok/wabt/out/gcc/Release/CMakeFiles/CMakeTmp»
Building C object CMakeFiles/cmTC_91fdd.dir/CheckSymbolExists.c.o
/usr/bin/gcc     -o CMakeFiles/cmTC_91fdd.dir/CheckSymbolExists.c.o   -c /home/strelok/wabt/out/gcc/Release/CMakeFiles/CMakeTmp/CheckSymbolExists.c
Linking C executable cmTC_91fdd
/usr/bin/cmake -E cmake_link_script CMakeFiles/cmTC_91fdd.dir/link.txt --verbose=1
/usr/bin/gcc       CMakeFiles/cmTC_91fdd.dir/CheckSymbolExists.c.o  -o cmTC_91fdd -rdynamic 
make[2]: выход из каталога «/home/strelok/wabt/out/gcc/Release/CMakeFiles/CMakeTmp»
make[1]: выход из каталога «/home/strelok/wabt/out/gcc/Release/CMakeFiles/CMakeTmp»

File /home/strelok/wabt/out/gcc/Release/CMakeFiles/CMakeTmp/CheckSymbolExists.c:
/* */
#include <stdio.h>

int main(int argc, char** argv)
{
  (void)argv;
#ifndef snprintf
  return ((int*)(&snprintf))[argc];
#else
  (void)argc;
  return 0;
#endif
}

Determining if the sysconf exist passed with the following output:
Change Dir: /home/strelok/wabt/out/gcc/Release/CMakeFiles/CMakeTmp

Run Build Command:"/usr/bin/make" "cmTC_3b3b1/fast"
make[1]: вход в каталог «/home/strelok/wabt/out/gcc/Release/CMakeFiles/CMakeTmp»
/usr/bin/make -f CMakeFiles/cmTC_3b3b1.dir/build.make CMakeFiles/cmTC_3b3b1.dir/build
make[2]: вход в каталог «/home/strelok/wabt/out/gcc/Release/CMakeFiles/CMakeTmp»
Building C object CMakeFiles/cmTC_3b3b1.dir/CheckSymbolExists.c.o
/usr/bin/gcc     -o CMakeFiles/cmTC_3b3b1.dir/CheckSymbolExists.c.o   -c /home/strelok/wabt/out/gcc/Release/CMakeFiles/CMakeTmp/CheckSymbolExists.c
Linking C executable cmTC_3b3b1
/usr/bin/cmake -E cmake_link_script CMakeFiles/cmTC_3b3b1.dir/link.txt --verbose=1
/usr/bin/gcc       CMakeFiles/cmTC_3b3b1.dir/CheckSymbolExists.c.o  -o cmTC_3b3b1 -rdynamic 
make[2]: выход из каталога «/home/strelok/wabt/out/gcc/Release/CMakeFiles/CMakeTmp»
make[1]: выход из каталога «/home/strelok/wabt/out/gcc/Release/CMakeFiles/CMakeTmp»

File /home/strelok/wabt/out/gcc/Release/CMakeFiles/CMakeTmp/CheckSymbolExists.c:
/* */
#include <unistd.h>

int main(int argc, char** argv)
{
  (void)argv;
#ifndef sysconf
  return ((int*)(&sysconf))[argc];
#else
  (void)argc;
  return 0;
#endif
}

Determining if the strcasecmp exist passed with the following output:
Change Dir: /home/strelok/wabt/out/gcc/Release/CMakeFiles/CMakeTmp

Run Build Command:"/usr/bin/make" "cmTC_c7681/fast"
make[1]: вход в каталог «/home/strelok/wabt/out/gcc/Release/CMakeFiles/CMakeTmp»
/usr/bin/make -f CMakeFiles/cmTC_c7681.dir/build.make CMakeFiles/cmTC_c7681.dir/build
make[2]: вход в каталог «/home/strelok/wabt/out/gcc/Release/CMakeFiles/CMakeTmp»
Building C object CMakeFiles/cmTC_c7681.dir/CheckSymbolExists.c.o
/usr/bin/gcc     -o CMakeFiles/cmTC_c7681.dir/CheckSymbolExists.c.o   -c /home/strelok/wabt/out/gcc/Release/CMakeFiles/CMakeTmp/CheckSymbolExists.c
Linking C executable cmTC_c7681
/usr/bin/cmake -E cmake_link_script CMakeFiles/cmTC_c7681.dir/link.txt --verbose=1
/usr/bin/gcc       CMakeFiles/cmTC_c7681.dir/CheckSymbolExists.c.o  -o cmTC_c7681 -rdynamic 
make[2]: выход из каталога «/home/strelok/wabt/out/gcc/Release/CMakeFiles/CMakeTmp»
make[1]: выход из каталога «/home/strelok/wabt/out/gcc/Release/CMakeFiles/CMakeTmp»

File /home/strelok/wabt/out/gcc/Release/CMakeFiles/CMakeTmp/CheckSymbolExists.c:
/* */
#include <strings.h>

int main(int argc, char** argv)
{
  (void)argv;
#ifndef strcasecmp
  return ((int*)(&strcasecmp))[argc];
#else
  (void)argc;
  return 0;
#endif
}

Determining if the include file sys/types.h exists passed with the following output:
Change Dir: /home/strelok/wabt/out/gcc/Release/CMakeFiles/CMakeTmp

Run Build Command:"/usr/bin/make" "cmTC_21171/fast"
make[1]: вход в каталог «/home/strelok/wabt/out/gcc/Release/CMakeFiles/CMakeTmp»
/usr/bin/make -f CMakeFiles/cmTC_21171.dir/build.make CMakeFiles/cmTC_21171.dir/build
make[2]: вход в каталог «/home/strelok/wabt/out/gcc/Release/CMakeFiles/CMakeTmp»
Building C object CMakeFiles/cmTC_21171.dir/CheckIncludeFile.c.o
/usr/bin/gcc     -o CMakeFiles/cmTC_21171.dir/CheckIncludeFile.c.o   -c /home/strelok/wabt/out/gcc/Release/CMakeFiles/CMakeTmp/CheckIncludeFile.c
Linking C executable cmTC_21171
/usr/bin/cmake -E cmake_link_script CMakeFiles/cmTC_21171.dir/link.txt --verbose=1
/usr/bin/gcc       CMakeFiles/cmTC_21171.dir/CheckIncludeFile.c.o  -o cmTC_21171 -rdynamic 
make[2]: выход из каталога «/home/strelok/wabt/out/gcc/Release/CMakeFiles/CMakeTmp»
make[1]: выход из каталога «/home/strelok/wabt/out/gcc/Release/CMakeFiles/CMakeTmp»


Determining if the include file stdint.h exists passed with the following output:
Change Dir: /home/strelok/wabt/out/gcc/Release/CMakeFiles/CMakeTmp

Run Build Command:"/usr/bin/make" "cmTC_66f2e/fast"
make[1]: вход в каталог «/home/strelok/wabt/out/gcc/Release/CMakeFiles/CMakeTmp»
/usr/bin/make -f CMakeFiles/cmTC_66f2e.dir/build.make CMakeFiles/cmTC_66f2e.dir/build
make[2]: вход в каталог «/home/strelok/wabt/out/gcc/Release/CMakeFiles/CMakeTmp»
Building C object CMakeFiles/cmTC_66f2e.dir/CheckIncludeFile.c.o
/usr/bin/gcc     -o CMakeFiles/cmTC_66f2e.dir/CheckIncludeFile.c.o   -c /home/strelok/wabt/out/gcc/Release/CMakeFiles/CMakeTmp/CheckIncludeFile.c
Linking C executable cmTC_66f2e
/usr/bin/cmake -E cmake_link_script CMakeFiles/cmTC_66f2e.dir/link.txt --verbose=1
/usr/bin/gcc       CMakeFiles/cmTC_66f2e.dir/CheckIncludeFile.c.o  -o cmTC_66f2e -rdynamic 
make[2]: выход из каталога «/home/strelok/wabt/out/gcc/Release/CMakeFiles/CMakeTmp»
make[1]: выход из каталога «/home/strelok/wabt/out/gcc/Release/CMakeFiles/CMakeTmp»


Determining if the include file stddef.h exists passed with the following output:
Change Dir: /home/strelok/wabt/out/gcc/Release/CMakeFiles/CMakeTmp

Run Build Command:"/usr/bin/make" "cmTC_7e990/fast"
make[1]: вход в каталог «/home/strelok/wabt/out/gcc/Release/CMakeFiles/CMakeTmp»
/usr/bin/make -f CMakeFiles/cmTC_7e990.dir/build.make CMakeFiles/cmTC_7e990.dir/build
make[2]: вход в каталог «/home/strelok/wabt/out/gcc/Release/CMakeFiles/CMakeTmp»
Building C object CMakeFiles/cmTC_7e990.dir/CheckIncludeFile.c.o
/usr/bin/gcc     -o CMakeFiles/cmTC_7e990.dir/CheckIncludeFile.c.o   -c /home/strelok/wabt/out/gcc/Release/CMakeFiles/CMakeTmp/CheckIncludeFile.c
Linking C executable cmTC_7e990
/usr/bin/cmake -E cmake_link_script CMakeFiles/cmTC_7e990.dir/link.txt --verbose=1
/usr/bin/gcc       CMakeFiles/cmTC_7e990.dir/CheckIncludeFile.c.o  -o cmTC_7e990 -rdynamic 
make[2]: выход из каталога «/home/strelok/wabt/out/gcc/Release/CMakeFiles/CMakeTmp»
make[1]: выход из каталога «/home/strelok/wabt/out/gcc/Release/CMakeFiles/CMakeTmp»


Determining size of ssize_t passed with the following output:
Change Dir: /home/strelok/wabt/out/gcc/Release/CMakeFiles/CMakeTmp

Run Build Command:"/usr/bin/make" "cmTC_0a9ad/fast"
make[1]: вход в каталог «/home/strelok/wabt/out/gcc/Release/CMakeFiles/CMakeTmp»
/usr/bin/make -f CMakeFiles/cmTC_0a9ad.dir/build.make CMakeFiles/cmTC_0a9ad.dir/build
make[2]: вход в каталог «/home/strelok/wabt/out/gcc/Release/CMakeFiles/CMakeTmp»
Building C object CMakeFiles/cmTC_0a9ad.dir/SSIZE_T.c.o
/usr/bin/gcc     -o CMakeFiles/cmTC_0a9ad.dir/SSIZE_T.c.o   -c /home/strelok/wabt/out/gcc/Release/CMakeFiles/CheckTypeSize/SSIZE_T.c
Linking C executable cmTC_0a9ad
/usr/bin/cmake -E cmake_link_script CMakeFiles/cmTC_0a9ad.dir/link.txt --verbose=1
/usr/bin/gcc       CMakeFiles/cmTC_0a9ad.dir/SSIZE_T.c.o  -o cmTC_0a9ad -rdynamic 
make[2]: выход из каталога «/home/strelok/wabt/out/gcc/Release/CMakeFiles/CMakeTmp»
make[1]: выход из каталога «/home/strelok/wabt/out/gcc/Release/CMakeFiles/CMakeTmp»


Determining size of size_t passed with the following output:
Change Dir: /home/strelok/wabt/out/gcc/Release/CMakeFiles/CMakeTmp

Run Build Command:"/usr/bin/make" "cmTC_d9ff5/fast"
make[1]: вход в каталог «/home/strelok/wabt/out/gcc/Release/CMakeFiles/CMakeTmp»
/usr/bin/make -f CMakeFiles/cmTC_d9ff5.dir/build.make CMakeFiles/cmTC_d9ff5.dir/build
make[2]: вход в каталог «/home/strelok/wabt/out/gcc/Release/CMakeFiles/CMakeTmp»
Building C object CMakeFiles/cmTC_d9ff5.dir/SIZEOF_SIZE_T.c.o
/usr/bin/gcc     -o CMakeFiles/cmTC_d9ff5.dir/SIZEOF_SIZE_T.c.o   -c /home/strelok/wabt/out/gcc/Release/CMakeFiles/CheckTypeSize/SIZEOF_SIZE_T.c
Linking C executable cmTC_d9ff5
/usr/bin/cmake -E cmake_link_script CMakeFiles/cmTC_d9ff5.dir/link.txt --verbose=1
/usr/bin/gcc       CMakeFiles/cmTC_d9ff5.dir/SIZEOF_SIZE_T.c.o  -o cmTC_d9ff5 -rdynamic 
make[2]: выход из каталога «/home/strelok/wabt/out/gcc/Release/CMakeFiles/CMakeTmp»
make[1]: выход из каталога «/home/strelok/wabt/out/gcc/Release/CMakeFiles/CMakeTmp»


Determining if the include file pthread.h exists passed with the following output:
Change Dir: /home/strelok/wabt/out/gcc/Release/CMakeFiles/CMakeTmp

Run Build Command:"/usr/bin/make" "cmTC_cc8ee/fast"
make[1]: вход в каталог «/home/strelok/wabt/out/gcc/Release/CMakeFiles/CMakeTmp»
/usr/bin/make -f CMakeFiles/cmTC_cc8ee.dir/build.make CMakeFiles/cmTC_cc8ee.dir/build
make[2]: вход в каталог «/home/strelok/wabt/out/gcc/Release/CMakeFiles/CMakeTmp»
Building C object CMakeFiles/cmTC_cc8ee.dir/CheckIncludeFile.c.o
/usr/bin/gcc     -o CMakeFiles/cmTC_cc8ee.dir/CheckIncludeFile.c.o   -c /home/strelok/wabt/out/gcc/Release/CMakeFiles/CMakeTmp/CheckIncludeFile.c
Linking C executable cmTC_cc8ee
/usr/bin/cmake -E cmake_link_script CMakeFiles/cmTC_cc8ee.dir/link.txt --verbose=1
/usr/bin/gcc       CMakeFiles/cmTC_cc8ee.dir/CheckIncludeFile.c.o  -o cmTC_cc8ee -rdynamic 
make[2]: выход из каталога «/home/strelok/wabt/out/gcc/Release/CMakeFiles/CMakeTmp»
make[1]: выход из каталога «/home/strelok/wabt/out/gcc/Release/CMakeFiles/CMakeTmp»


Determining if the function pthread_create exists in the pthread passed with the following output:
Change Dir: /home/strelok/wabt/out/gcc/Release/CMakeFiles/CMakeTmp

Run Build Command:"/usr/bin/make" "cmTC_bb082/fast"
make[1]: вход в каталог «/home/strelok/wabt/out/gcc/Release/CMakeFiles/CMakeTmp»
/usr/bin/make -f CMakeFiles/cmTC_bb082.dir/build.make CMakeFiles/cmTC_bb082.dir/build
make[2]: вход в каталог «/home/strelok/wabt/out/gcc/Release/CMakeFiles/CMakeTmp»
Building C object CMakeFiles/cmTC_bb082.dir/CheckFunctionExists.c.o
/usr/bin/gcc    -DCHECK_FUNCTION_EXISTS=pthread_create   -o CMakeFiles/cmTC_bb082.dir/CheckFunctionExists.c.o   -c /usr/share/cmake-3.7/Modules/CheckFunctionExists.c
Linking C executable cmTC_bb082
/usr/bin/cmake -E cmake_link_script CMakeFiles/cmTC_bb082.dir/link.txt --verbose=1
/usr/bin/gcc   -DCHECK_FUNCTION_EXISTS=pthread_create    CMakeFiles/cmTC_bb082.dir/CheckFunctionExists.c.o  -o cmTC_bb082 -rdynamic -lpthread 
make[2]: выход из каталога «/home/strelok/wabt/out/gcc/Release/CMakeFiles/CMakeTmp»
make[1]: выход из каталога «/home/strelok/wabt/out/gcc/Release/CMakeFiles/CMakeTmp»


