Determining if the pthread_create exist failed with the following output:
Change Dir: /home/strelok/wabt/out/gcc/Release/CMakeFiles/CMakeTmp

Run Build Command:"/usr/bin/make" "cmTC_3f3d1/fast"
make[1]: вход в каталог «/home/strelok/wabt/out/gcc/Release/CMakeFiles/CMakeTmp»
/usr/bin/make -f CMakeFiles/cmTC_3f3d1.dir/build.make CMakeFiles/cmTC_3f3d1.dir/build
make[2]: вход в каталог «/home/strelok/wabt/out/gcc/Release/CMakeFiles/CMakeTmp»
Building C object CMakeFiles/cmTC_3f3d1.dir/CheckSymbolExists.c.o
/usr/bin/gcc     -o CMakeFiles/cmTC_3f3d1.dir/CheckSymbolExists.c.o   -c /home/strelok/wabt/out/gcc/Release/CMakeFiles/CMakeTmp/CheckSymbolExists.c
Linking C executable cmTC_3f3d1
/usr/bin/cmake -E cmake_link_script CMakeFiles/cmTC_3f3d1.dir/link.txt --verbose=1
/usr/bin/gcc       CMakeFiles/cmTC_3f3d1.dir/CheckSymbolExists.c.o  -o cmTC_3f3d1 -rdynamic 
CMakeFiles/cmTC_3f3d1.dir/CheckSymbolExists.c.o: In function `main':
CheckSymbolExists.c:(.text+0x1b): undefined reference to `pthread_create'
collect2: error: ld returned 1 exit status
CMakeFiles/cmTC_3f3d1.dir/build.make:97: ошибка выполнения рецепта для цели «cmTC_3f3d1»
make[2]: *** [cmTC_3f3d1] Ошибка 1
make[2]: выход из каталога «/home/strelok/wabt/out/gcc/Release/CMakeFiles/CMakeTmp»
Makefile:126: ошибка выполнения рецепта для цели «cmTC_3f3d1/fast»
make[1]: *** [cmTC_3f3d1/fast] Ошибка 2
make[1]: выход из каталога «/home/strelok/wabt/out/gcc/Release/CMakeFiles/CMakeTmp»

File /home/strelok/wabt/out/gcc/Release/CMakeFiles/CMakeTmp/CheckSymbolExists.c:
/* */
#include <pthread.h>

int main(int argc, char** argv)
{
  (void)argv;
#ifndef pthread_create
  return ((int*)(&pthread_create))[argc];
#else
  (void)argc;
  return 0;
#endif
}

Determining if the function pthread_create exists in the pthreads failed with the following output:
Change Dir: /home/strelok/wabt/out/gcc/Release/CMakeFiles/CMakeTmp

Run Build Command:"/usr/bin/make" "cmTC_c4684/fast"
make[1]: вход в каталог «/home/strelok/wabt/out/gcc/Release/CMakeFiles/CMakeTmp»
/usr/bin/make -f CMakeFiles/cmTC_c4684.dir/build.make CMakeFiles/cmTC_c4684.dir/build
make[2]: вход в каталог «/home/strelok/wabt/out/gcc/Release/CMakeFiles/CMakeTmp»
Building C object CMakeFiles/cmTC_c4684.dir/CheckFunctionExists.c.o
/usr/bin/gcc    -DCHECK_FUNCTION_EXISTS=pthread_create   -o CMakeFiles/cmTC_c4684.dir/CheckFunctionExists.c.o   -c /usr/share/cmake-3.7/Modules/CheckFunctionExists.c
Linking C executable cmTC_c4684
/usr/bin/cmake -E cmake_link_script CMakeFiles/cmTC_c4684.dir/link.txt --verbose=1
/usr/bin/gcc   -DCHECK_FUNCTION_EXISTS=pthread_create    CMakeFiles/cmTC_c4684.dir/CheckFunctionExists.c.o  -o cmTC_c4684 -rdynamic -lpthreads 
/usr/bin/ld: cannot find -lpthreads
collect2: error: ld returned 1 exit status
CMakeFiles/cmTC_c4684.dir/build.make:97: ошибка выполнения рецепта для цели «cmTC_c4684»
make[2]: *** [cmTC_c4684] Ошибка 1
make[2]: выход из каталога «/home/strelok/wabt/out/gcc/Release/CMakeFiles/CMakeTmp»
Makefile:126: ошибка выполнения рецепта для цели «cmTC_c4684/fast»
make[1]: *** [cmTC_c4684/fast] Ошибка 2
make[1]: выход из каталога «/home/strelok/wabt/out/gcc/Release/CMakeFiles/CMakeTmp»


